<?xml version="1.0" encoding="UTF-8"?>
<testng-results skipped="0" failed="0" total="1" passed="1">
  <reporter-output>
  </reporter-output>
  <suite name="Default suite" duration-ms="19827" started-at="2018-10-28T16:05:55Z" finished-at="2018-10-28T16:06:15Z">
    <groups>
    </groups>
    <test name="Default test" duration-ms="19827" started-at="2018-10-28T16:05:55Z" finished-at="2018-10-28T16:06:15Z">
      <class name="selenium_api.Topic_01_CheckEvironment">
        <test-method status="PASS" signature="beforeClass()[pri:0, instance:selenium_api.Topic_01_CheckEvironment@2ac1fdc4]" name="beforeClass" is-config="true" duration-ms="18244" started-at="2018-10-28T23:05:55Z" finished-at="2018-10-28T23:06:13Z">
          <reporter-output>
          </reporter-output>
        </test-method> <!-- beforeClass -->
        <test-method status="PASS" signature="TC_01_CheckTitle()[pri:0, instance:selenium_api.Topic_01_CheckEvironment@2ac1fdc4]" name="TC_01_CheckTitle" duration-ms="17" started-at="2018-10-28T23:06:13Z" finished-at="2018-10-28T23:06:13Z">
          <reporter-output>
          </reporter-output>
        </test-method> <!-- TC_01_CheckTitle -->
        <test-method status="PASS" signature="afterClass()[pri:0, instance:selenium_api.Topic_01_CheckEvironment@2ac1fdc4]" name="afterClass" is-config="true" duration-ms="1551" started-at="2018-10-28T23:06:13Z" finished-at="2018-10-28T23:06:15Z">
          <reporter-output>
          </reporter-output>
        </test-method> <!-- afterClass -->
      </class> <!-- selenium_api.Topic_01_CheckEvironment -->
    </test> <!-- Default test -->
  </suite> <!-- Default suite -->
</testng-results>
